26-Oct-2021 10:59:16.882 信息 [main] org.apache.catalina.startup.VersionLoggerListener.log Server.服务器版本: Apache Tomcat/9.0.54
26-Oct-2021 10:59:16.887 信息 [main] org.apache.catalina.startup.VersionLoggerListener.log 服务器构建:        Sep 28 2021 13:51:49 UTC
26-Oct-2021 10:59:16.889 信息 [main] org.apache.catalina.startup.VersionLoggerListener.log 服务器版本号:      9.0.54.0
26-Oct-2021 10:59:16.891 信息 [main] org.apache.catalina.startup.VersionLoggerListener.log 操作系统名称:      Windows 10
26-Oct-2021 10:59:16.891 信息 [main] org.apache.catalina.startup.VersionLoggerListener.log OS.版本:           10.0
26-Oct-2021 10:59:16.891 信息 [main] org.apache.catalina.startup.VersionLoggerListener.log 架构:              amd64
26-Oct-2021 10:59:16.891 信息 [main] org.apache.catalina.startup.VersionLoggerListener.log Java 环境变量:     E:\Java\jdk1.8.0_202\jre
26-Oct-2021 10:59:16.892 信息 [main] org.apache.catalina.startup.VersionLoggerListener.log Java虚拟机版本:    1.8.0_202-b08
26-Oct-2021 10:59:16.892 信息 [main] org.apache.catalina.startup.VersionLoggerListener.log JVM.供应商:        Oracle Corporation
26-Oct-2021 10:59:16.892 信息 [main] org.apache.catalina.startup.VersionLoggerListener.log CATALINA_BASE:     E:\apache-tomcat-9.0.54
26-Oct-2021 10:59:16.894 信息 [main] org.apache.catalina.startup.VersionLoggerListener.log CATALINA_HOME:     E:\apache-tomcat-9.0.54
26-Oct-2021 10:59:16.894 信息 [main] org.apache.catalina.startup.VersionLoggerListener.log 命令行参数：       -Djava.util.logging.config.file=E:\apache-tomcat-9.0.54\conf\logging.properties
26-Oct-2021 10:59:16.894 信息 [main] org.apache.catalina.startup.VersionLoggerListener.log 命令行参数：       -Djava.util.logging.manager=org.apache.juli.ClassLoaderLogManager
26-Oct-2021 10:59:16.895 信息 [main] org.apache.catalina.startup.VersionLoggerListener.log 命令行参数：       -Djdk.tls.ephemeralDHKeySize=2048
26-Oct-2021 10:59:16.895 信息 [main] org.apache.catalina.startup.VersionLoggerListener.log 命令行参数：       -Djava.protocol.handler.pkgs=org.apache.catalina.webresources
26-Oct-2021 10:59:16.896 信息 [main] org.apache.catalina.startup.VersionLoggerListener.log 命令行参数：       -Dignore.endorsed.dirs=
26-Oct-2021 10:59:16.897 信息 [main] org.apache.catalina.startup.VersionLoggerListener.log 命令行参数：       -Dcatalina.base=E:\apache-tomcat-9.0.54
26-Oct-2021 10:59:16.898 信息 [main] org.apache.catalina.startup.VersionLoggerListener.log 命令行参数：       -Dcatalina.home=E:\apache-tomcat-9.0.54
26-Oct-2021 10:59:16.899 信息 [main] org.apache.catalina.startup.VersionLoggerListener.log 命令行参数：       -Djava.io.tmpdir=E:\apache-tomcat-9.0.54\temp
26-Oct-2021 10:59:16.903 信息 [main] org.apache.catalina.core.AprLifecycleListener.lifecycleEvent 使用APR版本[1.7.0]加载了基于APR的Apache Tomcat本机库[1.2.31]。
26-Oct-2021 10:59:16.917 信息 [main] org.apache.catalina.core.AprLifecycleListener.lifecycleEvent APR功能：IPv6[true]、sendfile[true]、accept filters[false]、random[true]、UDS [true]。
26-Oct-2021 10:59:16.920 信息 [main] org.apache.catalina.core.AprLifecycleListener.lifecycleEvent APR/OpenSSL配置：useAprConnector[false]，useOpenSSL[true]
26-Oct-2021 10:59:16.929 信息 [main] org.apache.catalina.core.AprLifecycleListener.initializeSSL OpenSSL成功初始化 [OpenSSL 1.1.1l  24 Aug 2021]
26-Oct-2021 10:59:17.391 信息 [main] org.apache.coyote.AbstractProtocol.init 初始化协议处理器 ["http-nio-8080"]
26-Oct-2021 10:59:17.413 严重 [main] org.apache.catalina.util.LifecycleBase.handleSubClassException 初始化组件[Connector[HTTP/1.1-8080]]失败。
	org.apache.catalina.LifecycleException: 协议处理程序初始化失败
		at org.apache.catalina.connector.Connector.initInternal(Connector.java:1049)
		at org.apache.catalina.util.LifecycleBase.init(LifecycleBase.java:136)
		at org.apache.catalina.core.StandardService.initInternal(StandardService.java:556)
		at org.apache.catalina.util.LifecycleBase.init(LifecycleBase.java:136)
		at org.apache.catalina.core.StandardServer.initInternal(StandardServer.java:1042)
		at org.apache.catalina.util.LifecycleBase.init(LifecycleBase.java:136)
		at org.apache.catalina.startup.Catalina.load(Catalina.java:724)
		at org.apache.catalina.startup.Catalina.load(Catalina.java:746)
		at sun.reflect.NativeMethodAccessorImpl.invoke0(Native Method)
		at sun.reflect.NativeMethodAccessorImpl.invoke(NativeMethodAccessorImpl.java:62)
		at sun.reflect.DelegatingMethodAccessorImpl.invoke(DelegatingMethodAccessorImpl.java:43)
		at java.lang.reflect.Method.invoke(Method.java:498)
		at org.apache.catalina.startup.Bootstrap.load(Bootstrap.java:305)
		at org.apache.catalina.startup.Bootstrap.main(Bootstrap.java:475)
	Caused by: java.net.BindException: Address already in use: bind
		at sun.nio.ch.Net.bind0(Native Method)
		at sun.nio.ch.Net.bind(Net.java:433)
		at sun.nio.ch.Net.bind(Net.java:425)
		at sun.nio.ch.ServerSocketChannelImpl.bind(ServerSocketChannelImpl.java:223)
		at org.apache.tomcat.util.net.NioEndpoint.initServerSocket(NioEndpoint.java:271)
		at org.apache.tomcat.util.net.NioEndpoint.bind(NioEndpoint.java:226)
		at org.apache.tomcat.util.net.AbstractEndpoint.bindWithCleanup(AbstractEndpoint.java:1208)
		at org.apache.tomcat.util.net.AbstractEndpoint.init(AbstractEndpoint.java:1221)
		at org.apache.coyote.AbstractProtocol.init(AbstractProtocol.java:603)
		at org.apache.coyote.http11.AbstractHttp11Protocol.init(AbstractHttp11Protocol.java:80)
		at org.apache.catalina.connector.Connector.initInternal(Connector.java:1046)
		... 13 more
26-Oct-2021 10:59:17.415 信息 [main] org.apache.catalina.startup.Catalina.load 服务器在[773]毫秒内初始化
26-Oct-2021 10:59:17.455 信息 [main] org.apache.catalina.core.StandardService.startInternal 正在启动服务[Catalina]
26-Oct-2021 10:59:17.455 信息 [main] org.apache.catalina.core.StandardEngine.startInternal 正在启动 Servlet 引擎：[Apache Tomcat/9.0.54]
26-Oct-2021 10:59:17.486 信息 [main] org.apache.catalina.startup.HostConfig.deployWAR 正在部署web应用程序存档文件[E:\apache-tomcat-9.0.54\webapps\exp1_war.war]
26-Oct-2021 10:59:17.515 信息 [main] org.apache.catalina.startup.ExpandWar.expand 发现一个展开的目录[E:\apache-tomcat-9.0.54\webapps\exp1_war],它的最后修改时间与关联的WAR不一致.它将被删除.
26-Oct-2021 10:59:18.151 警告 [main] org.apache.catalina.util.SessionIdGeneratorBase.createSecureRandom 使用[SHA1PRNG]创建会话ID生成的SecureRandom实例花费了[324]毫秒。
26-Oct-2021 10:59:18.198 信息 [main] org.apache.catalina.startup.HostConfig.deployWAR web应用程序存档文件[E:\apache-tomcat-9.0.54\webapps\exp1_war.war]的部署已在[712]ms内完成
26-Oct-2021 10:59:18.207 信息 [main] org.apache.catalina.startup.HostConfig.deployDirectory 把web 应用程序部署到目录 [E:\apache-tomcat-9.0.54\webapps\docs]
26-Oct-2021 10:59:18.241 信息 [main] org.apache.catalina.startup.HostConfig.deployDirectory Web应用程序目录[E:\apache-tomcat-9.0.54\webapps\docs]的部署已在[34]毫秒内完成
26-Oct-2021 10:59:18.250 信息 [main] org.apache.catalina.startup.HostConfig.deployDirectory 把web 应用程序部署到目录 [E:\apache-tomcat-9.0.54\webapps\examples]
26-Oct-2021 10:59:18.679 信息 [main] org.apache.catalina.startup.HostConfig.deployDirectory Web应用程序目录[E:\apache-tomcat-9.0.54\webapps\examples]的部署已在[429]毫秒内完成
26-Oct-2021 10:59:18.690 信息 [main] org.apache.catalina.startup.HostConfig.deployDirectory 把web 应用程序部署到目录 [E:\apache-tomcat-9.0.54\webapps\host-manager]
26-Oct-2021 10:59:18.725 信息 [main] org.apache.catalina.startup.HostConfig.deployDirectory Web应用程序目录[E:\apache-tomcat-9.0.54\webapps\host-manager]的部署已在[34]毫秒内完成
26-Oct-2021 10:59:18.733 信息 [main] org.apache.catalina.startup.HostConfig.deployDirectory 把web 应用程序部署到目录 [E:\apache-tomcat-9.0.54\webapps\manager]
26-Oct-2021 10:59:18.762 信息 [main] org.apache.catalina.startup.HostConfig.deployDirectory Web应用程序目录[E:\apache-tomcat-9.0.54\webapps\manager]的部署已在[29]毫秒内完成
26-Oct-2021 10:59:18.763 信息 [main] org.apache.catalina.startup.HostConfig.deployDirectory 把web 应用程序部署到目录 [E:\apache-tomcat-9.0.54\webapps\ROOT]
26-Oct-2021 10:59:18.789 信息 [main] org.apache.catalina.startup.HostConfig.deployDirectory Web应用程序目录[E:\apache-tomcat-9.0.54\webapps\ROOT]的部署已在[26]毫秒内完成
26-Oct-2021 10:59:18.794 信息 [main] org.apache.catalina.startup.Catalina.start [1378]毫秒后服务器启动
26-Oct-2021 10:59:18.804 严重 [main] org.apache.catalina.core.StandardServer.await 无法在地址[localhost]和端口[8005]上创建服务器关闭套接字（基本端口[8005]和偏移量[0]）
	java.net.BindException: Address already in use: JVM_Bind
		at java.net.DualStackPlainSocketImpl.bind0(Native Method)
		at java.net.DualStackPlainSocketImpl.socketBind(DualStackPlainSocketImpl.java:106)
		at java.net.AbstractPlainSocketImpl.bind(AbstractPlainSocketImpl.java:387)
		at java.net.PlainSocketImpl.bind(PlainSocketImpl.java:190)
		at java.net.ServerSocket.bind(ServerSocket.java:375)
		at java.net.ServerSocket.<init>(ServerSocket.java:237)
		at org.apache.catalina.core.StandardServer.await(StandardServer.java:577)
		at org.apache.catalina.startup.Catalina.await(Catalina.java:864)
		at org.apache.catalina.startup.Catalina.start(Catalina.java:810)
		at sun.reflect.NativeMethodAccessorImpl.invoke0(Native Method)
		at sun.reflect.NativeMethodAccessorImpl.invoke(NativeMethodAccessorImpl.java:62)
		at sun.reflect.DelegatingMethodAccessorImpl.invoke(DelegatingMethodAccessorImpl.java:43)
		at java.lang.reflect.Method.invoke(Method.java:498)
		at org.apache.catalina.startup.Bootstrap.start(Bootstrap.java:345)
		at org.apache.catalina.startup.Bootstrap.main(Bootstrap.java:476)
26-Oct-2021 10:59:18.814 信息 [main] org.apache.coyote.AbstractProtocol.pause 暂停ProtocolHandler["http-nio-8080"]
26-Oct-2021 10:59:18.814 信息 [main] org.apache.catalina.core.StandardService.stopInternal 正在停止服务[Catalina]
26-Oct-2021 10:59:18.837 信息 [main] org.apache.coyote.AbstractProtocol.stop 正在停止ProtocolHandler ["http-nio-8080"]
26-Oct-2021 10:59:18.853 信息 [main] org.apache.coyote.AbstractProtocol.destroy 正在摧毁协议处理器 ["http-nio-8080"]
26-Oct-2021 11:05:55.388 信息 [main] org.apache.catalina.startup.VersionLoggerListener.log Server.服务器版本: Apache Tomcat/9.0.54
26-Oct-2021 11:05:55.393 信息 [main] org.apache.catalina.startup.VersionLoggerListener.log 服务器构建:        Sep 28 2021 13:51:49 UTC
26-Oct-2021 11:05:55.394 信息 [main] org.apache.catalina.startup.VersionLoggerListener.log 服务器版本号:      9.0.54.0
26-Oct-2021 11:05:55.394 信息 [main] org.apache.catalina.startup.VersionLoggerListener.log 操作系统名称:      Windows 10
26-Oct-2021 11:05:55.394 信息 [main] org.apache.catalina.startup.VersionLoggerListener.log OS.版本:           10.0
26-Oct-2021 11:05:55.394 信息 [main] org.apache.catalina.startup.VersionLoggerListener.log 架构:              amd64
26-Oct-2021 11:05:55.394 信息 [main] org.apache.catalina.startup.VersionLoggerListener.log Java 环境变量:     E:\Java\jdk1.8.0_202\jre
26-Oct-2021 11:05:55.395 信息 [main] org.apache.catalina.startup.VersionLoggerListener.log Java虚拟机版本:    1.8.0_202-b08
26-Oct-2021 11:05:55.395 信息 [main] org.apache.catalina.startup.VersionLoggerListener.log JVM.供应商:        Oracle Corporation
26-Oct-2021 11:05:55.395 信息 [main] org.apache.catalina.startup.VersionLoggerListener.log CATALINA_BASE:     E:\apache-tomcat-9.0.54
26-Oct-2021 11:05:55.395 信息 [main] org.apache.catalina.startup.VersionLoggerListener.log CATALINA_HOME:     E:\apache-tomcat-9.0.54
26-Oct-2021 11:05:55.396 信息 [main] org.apache.catalina.startup.VersionLoggerListener.log 命令行参数：       -Djava.util.logging.config.file=E:\apache-tomcat-9.0.54\conf\logging.properties
26-Oct-2021 11:05:55.396 信息 [main] org.apache.catalina.startup.VersionLoggerListener.log 命令行参数：       -Djava.util.logging.manager=org.apache.juli.ClassLoaderLogManager
26-Oct-2021 11:05:55.397 信息 [main] org.apache.catalina.startup.VersionLoggerListener.log 命令行参数：       -Djdk.tls.ephemeralDHKeySize=2048
26-Oct-2021 11:05:55.397 信息 [main] org.apache.catalina.startup.VersionLoggerListener.log 命令行参数：       -Djava.protocol.handler.pkgs=org.apache.catalina.webresources
26-Oct-2021 11:05:55.400 信息 [main] org.apache.catalina.startup.VersionLoggerListener.log 命令行参数：       -Dignore.endorsed.dirs=
26-Oct-2021 11:05:55.400 信息 [main] org.apache.catalina.startup.VersionLoggerListener.log 命令行参数：       -Dcatalina.base=E:\apache-tomcat-9.0.54
26-Oct-2021 11:05:55.401 信息 [main] org.apache.catalina.startup.VersionLoggerListener.log 命令行参数：       -Dcatalina.home=E:\apache-tomcat-9.0.54
26-Oct-2021 11:05:55.401 信息 [main] org.apache.catalina.startup.VersionLoggerListener.log 命令行参数：       -Djava.io.tmpdir=E:\apache-tomcat-9.0.54\temp
26-Oct-2021 11:05:55.405 信息 [main] org.apache.catalina.core.AprLifecycleListener.lifecycleEvent 使用APR版本[1.7.0]加载了基于APR的Apache Tomcat本机库[1.2.31]。
26-Oct-2021 11:05:55.407 信息 [main] org.apache.catalina.core.AprLifecycleListener.lifecycleEvent APR功能：IPv6[true]、sendfile[true]、accept filters[false]、random[true]、UDS [true]。
26-Oct-2021 11:05:55.418 信息 [main] org.apache.catalina.core.AprLifecycleListener.lifecycleEvent APR/OpenSSL配置：useAprConnector[false]，useOpenSSL[true]
26-Oct-2021 11:05:55.428 信息 [main] org.apache.catalina.core.AprLifecycleListener.initializeSSL OpenSSL成功初始化 [OpenSSL 1.1.1l  24 Aug 2021]
26-Oct-2021 11:05:55.867 信息 [main] org.apache.coyote.AbstractProtocol.init 初始化协议处理器 ["http-nio-8080"]
26-Oct-2021 11:05:55.881 严重 [main] org.apache.catalina.util.LifecycleBase.handleSubClassException 初始化组件[Connector[HTTP/1.1-8080]]失败。
	org.apache.catalina.LifecycleException: 协议处理程序初始化失败
		at org.apache.catalina.connector.Connector.initInternal(Connector.java:1049)
		at org.apache.catalina.util.LifecycleBase.init(LifecycleBase.java:136)
		at org.apache.catalina.core.StandardService.initInternal(StandardService.java:556)
		at org.apache.catalina.util.LifecycleBase.init(LifecycleBase.java:136)
		at org.apache.catalina.core.StandardServer.initInternal(StandardServer.java:1042)
		at org.apache.catalina.util.LifecycleBase.init(LifecycleBase.java:136)
		at org.apache.catalina.startup.Catalina.load(Catalina.java:724)
		at org.apache.catalina.startup.Catalina.load(Catalina.java:746)
		at sun.reflect.NativeMethodAccessorImpl.invoke0(Native Method)
		at sun.reflect.NativeMethodAccessorImpl.invoke(NativeMethodAccessorImpl.java:62)
		at sun.reflect.DelegatingMethodAccessorImpl.invoke(DelegatingMethodAccessorImpl.java:43)
		at java.lang.reflect.Method.invoke(Method.java:498)
		at org.apache.catalina.startup.Bootstrap.load(Bootstrap.java:305)
		at org.apache.catalina.startup.Bootstrap.main(Bootstrap.java:475)
	Caused by: java.net.BindException: Address already in use: bind
		at sun.nio.ch.Net.bind0(Native Method)
		at sun.nio.ch.Net.bind(Net.java:433)
		at sun.nio.ch.Net.bind(Net.java:425)
		at sun.nio.ch.ServerSocketChannelImpl.bind(ServerSocketChannelImpl.java:223)
		at org.apache.tomcat.util.net.NioEndpoint.initServerSocket(NioEndpoint.java:271)
		at org.apache.tomcat.util.net.NioEndpoint.bind(NioEndpoint.java:226)
		at org.apache.tomcat.util.net.AbstractEndpoint.bindWithCleanup(AbstractEndpoint.java:1208)
		at org.apache.tomcat.util.net.AbstractEndpoint.init(AbstractEndpoint.java:1221)
		at org.apache.coyote.AbstractProtocol.init(AbstractProtocol.java:603)
		at org.apache.coyote.http11.AbstractHttp11Protocol.init(AbstractHttp11Protocol.java:80)
		at org.apache.catalina.connector.Connector.initInternal(Connector.java:1046)
		... 13 more
26-Oct-2021 11:05:55.884 信息 [main] org.apache.catalina.startup.Catalina.load 服务器在[719]毫秒内初始化
26-Oct-2021 11:05:55.924 信息 [main] org.apache.catalina.core.StandardService.startInternal 正在启动服务[Catalina]
26-Oct-2021 11:05:55.925 信息 [main] org.apache.catalina.core.StandardEngine.startInternal 正在启动 Servlet 引擎：[Apache Tomcat/9.0.54]
26-Oct-2021 11:05:55.955 信息 [main] org.apache.catalina.startup.HostConfig.deployWAR 正在部署web应用程序存档文件[E:\apache-tomcat-9.0.54\webapps\exp1_war.war]
26-Oct-2021 11:05:56.581 警告 [main] org.apache.catalina.util.SessionIdGeneratorBase.createSecureRandom 使用[SHA1PRNG]创建会话ID生成的SecureRandom实例花费了[327]毫秒。
26-Oct-2021 11:05:56.629 信息 [main] org.apache.catalina.startup.HostConfig.deployWAR web应用程序存档文件[E:\apache-tomcat-9.0.54\webapps\exp1_war.war]的部署已在[673]ms内完成
26-Oct-2021 11:05:56.633 信息 [main] org.apache.catalina.startup.HostConfig.deployDirectory 把web 应用程序部署到目录 [E:\apache-tomcat-9.0.54\webapps\docs]
26-Oct-2021 11:05:56.665 信息 [main] org.apache.catalina.startup.HostConfig.deployDirectory Web应用程序目录[E:\apache-tomcat-9.0.54\webapps\docs]的部署已在[32]毫秒内完成
26-Oct-2021 11:05:56.674 信息 [main] org.apache.catalina.startup.HostConfig.deployDirectory 把web 应用程序部署到目录 [E:\apache-tomcat-9.0.54\webapps\examples]
26-Oct-2021 11:05:57.104 信息 [main] org.apache.catalina.startup.HostConfig.deployDirectory Web应用程序目录[E:\apache-tomcat-9.0.54\webapps\examples]的部署已在[430]毫秒内完成
26-Oct-2021 11:05:57.114 信息 [main] org.apache.catalina.startup.HostConfig.deployDirectory 把web 应用程序部署到目录 [E:\apache-tomcat-9.0.54\webapps\host-manager]
26-Oct-2021 11:05:57.150 信息 [main] org.apache.catalina.startup.HostConfig.deployDirectory Web应用程序目录[E:\apache-tomcat-9.0.54\webapps\host-manager]的部署已在[35]毫秒内完成
26-Oct-2021 11:05:57.159 信息 [main] org.apache.catalina.startup.HostConfig.deployDirectory 把web 应用程序部署到目录 [E:\apache-tomcat-9.0.54\webapps\manager]
26-Oct-2021 11:05:57.194 信息 [main] org.apache.catalina.startup.HostConfig.deployDirectory Web应用程序目录[E:\apache-tomcat-9.0.54\webapps\manager]的部署已在[35]毫秒内完成
26-Oct-2021 11:05:57.203 信息 [main] org.apache.catalina.startup.HostConfig.deployDirectory 把web 应用程序部署到目录 [E:\apache-tomcat-9.0.54\webapps\ROOT]
26-Oct-2021 11:05:57.231 信息 [main] org.apache.catalina.startup.HostConfig.deployDirectory Web应用程序目录[E:\apache-tomcat-9.0.54\webapps\ROOT]的部署已在[28]毫秒内完成
26-Oct-2021 11:05:57.238 信息 [main] org.apache.catalina.startup.Catalina.start [1354]毫秒后服务器启动
26-Oct-2021 11:05:57.254 严重 [main] org.apache.catalina.core.StandardServer.await 无法在地址[localhost]和端口[8005]上创建服务器关闭套接字（基本端口[8005]和偏移量[0]）
	java.net.BindException: Address already in use: JVM_Bind
		at java.net.DualStackPlainSocketImpl.bind0(Native Method)
		at java.net.DualStackPlainSocketImpl.socketBind(DualStackPlainSocketImpl.java:106)
		at java.net.AbstractPlainSocketImpl.bind(AbstractPlainSocketImpl.java:387)
		at java.net.PlainSocketImpl.bind(PlainSocketImpl.java:190)
		at java.net.ServerSocket.bind(ServerSocket.java:375)
		at java.net.ServerSocket.<init>(ServerSocket.java:237)
		at org.apache.catalina.core.StandardServer.await(StandardServer.java:577)
		at org.apache.catalina.startup.Catalina.await(Catalina.java:864)
		at org.apache.catalina.startup.Catalina.start(Catalina.java:810)
		at sun.reflect.NativeMethodAccessorImpl.invoke0(Native Method)
		at sun.reflect.NativeMethodAccessorImpl.invoke(NativeMethodAccessorImpl.java:62)
		at sun.reflect.DelegatingMethodAccessorImpl.invoke(DelegatingMethodAccessorImpl.java:43)
		at java.lang.reflect.Method.invoke(Method.java:498)
		at org.apache.catalina.startup.Bootstrap.start(Bootstrap.java:345)
		at org.apache.catalina.startup.Bootstrap.main(Bootstrap.java:476)
26-Oct-2021 11:05:57.257 信息 [main] org.apache.coyote.AbstractProtocol.pause 暂停ProtocolHandler["http-nio-8080"]
26-Oct-2021 11:05:57.257 信息 [main] org.apache.catalina.core.StandardService.stopInternal 正在停止服务[Catalina]
26-Oct-2021 11:05:57.282 信息 [main] org.apache.coyote.AbstractProtocol.stop 正在停止ProtocolHandler ["http-nio-8080"]
26-Oct-2021 11:05:57.287 信息 [main] org.apache.coyote.AbstractProtocol.destroy 正在摧毁协议处理器 ["http-nio-8080"]
