20-Oct-2021 17:18:14.975 信息 [main] org.apache.catalina.core.ApplicationContext.log ContextListener: contextInitialized()
20-Oct-2021 17:18:14.975 信息 [main] org.apache.catalina.core.ApplicationContext.log SessionListener: contextInitialized()
20-Oct-2021 17:18:14.986 信息 [main] org.apache.catalina.core.ApplicationContext.log ContextListener: attributeAdded('StockTicker', 'async.Stockticker@41c2284a')
20-Oct-2021 17:18:15.115 信息 [main] org.apache.catalina.core.ApplicationContext.log SessionListener: contextDestroyed()
20-Oct-2021 17:18:15.115 信息 [main] org.apache.catalina.core.ApplicationContext.log ContextListener: contextDestroyed()
20-Oct-2021 17:22:07.989 信息 [main] org.apache.catalina.core.ApplicationContext.log ContextListener: contextInitialized()
20-Oct-2021 17:22:07.989 信息 [main] org.apache.catalina.core.ApplicationContext.log SessionListener: contextInitialized()
20-Oct-2021 17:22:07.990 信息 [main] org.apache.catalina.core.ApplicationContext.log ContextListener: attributeAdded('StockTicker', 'async.Stockticker@55f616cf')
20-Oct-2021 17:22:08.102 信息 [main] org.apache.catalina.core.ApplicationContext.log SessionListener: contextDestroyed()
20-Oct-2021 17:22:08.102 信息 [main] org.apache.catalina.core.ApplicationContext.log ContextListener: contextDestroyed()
20-Oct-2021 17:22:16.078 信息 [main] org.apache.catalina.core.ApplicationContext.log ContextListener: contextInitialized()
20-Oct-2021 17:22:16.078 信息 [main] org.apache.catalina.core.ApplicationContext.log SessionListener: contextInitialized()
20-Oct-2021 17:22:16.079 信息 [main] org.apache.catalina.core.ApplicationContext.log ContextListener: attributeAdded('StockTicker', 'async.Stockticker@55f616cf')
20-Oct-2021 17:22:16.213 信息 [main] org.apache.catalina.core.ApplicationContext.log SessionListener: contextDestroyed()
20-Oct-2021 17:22:16.213 信息 [main] org.apache.catalina.core.ApplicationContext.log ContextListener: contextDestroyed()
20-Oct-2021 17:22:26.477 信息 [main] org.apache.catalina.core.ApplicationContext.log ContextListener: contextInitialized()
20-Oct-2021 17:22:26.477 信息 [main] org.apache.catalina.core.ApplicationContext.log SessionListener: contextInitialized()
20-Oct-2021 17:22:26.478 信息 [main] org.apache.catalina.core.ApplicationContext.log ContextListener: attributeAdded('StockTicker', 'async.Stockticker@41c2284a')
20-Oct-2021 17:22:33.242 信息 [main] org.apache.catalina.core.ApplicationContext.log ContextListener: contextInitialized()
20-Oct-2021 17:22:33.242 信息 [main] org.apache.catalina.core.ApplicationContext.log SessionListener: contextInitialized()
20-Oct-2021 17:22:33.243 信息 [main] org.apache.catalina.core.ApplicationContext.log ContextListener: attributeAdded('StockTicker', 'async.Stockticker@41c2284a')
20-Oct-2021 17:23:07.969 信息 [main] org.apache.catalina.core.ApplicationContext.log ContextListener: contextInitialized()
20-Oct-2021 17:23:07.969 信息 [main] org.apache.catalina.core.ApplicationContext.log SessionListener: contextInitialized()
20-Oct-2021 17:23:07.970 信息 [main] org.apache.catalina.core.ApplicationContext.log ContextListener: attributeAdded('StockTicker', 'async.Stockticker@41c2284a')
20-Oct-2021 17:24:49.220 信息 [main] org.apache.catalina.core.ApplicationContext.log ContextListener: contextInitialized()
20-Oct-2021 17:24:49.220 信息 [main] org.apache.catalina.core.ApplicationContext.log SessionListener: contextInitialized()
20-Oct-2021 17:24:49.222 信息 [main] org.apache.catalina.core.ApplicationContext.log ContextListener: attributeAdded('StockTicker', 'async.Stockticker@4a668b6e')
20-Oct-2021 17:27:21.335 信息 [main] org.apache.catalina.core.ApplicationContext.log ContextListener: contextInitialized()
20-Oct-2021 17:27:21.335 信息 [main] org.apache.catalina.core.ApplicationContext.log SessionListener: contextInitialized()
20-Oct-2021 17:27:21.336 信息 [main] org.apache.catalina.core.ApplicationContext.log ContextListener: attributeAdded('StockTicker', 'async.Stockticker@41c2284a')
20-Oct-2021 17:30:57.702 信息 [main] org.apache.catalina.core.ApplicationContext.log ContextListener: contextInitialized()
20-Oct-2021 17:30:57.702 信息 [main] org.apache.catalina.core.ApplicationContext.log SessionListener: contextInitialized()
20-Oct-2021 17:30:57.704 信息 [main] org.apache.catalina.core.ApplicationContext.log ContextListener: attributeAdded('StockTicker', 'async.Stockticker@55f616cf')
20-Oct-2021 17:32:23.662 信息 [main] org.apache.catalina.core.ApplicationContext.log ContextListener: contextInitialized()
20-Oct-2021 17:32:23.662 信息 [main] org.apache.catalina.core.ApplicationContext.log SessionListener: contextInitialized()
20-Oct-2021 17:32:23.664 信息 [main] org.apache.catalina.core.ApplicationContext.log ContextListener: attributeAdded('StockTicker', 'async.Stockticker@41c2284a')
20-Oct-2021 17:32:59.841 信息 [main] org.apache.catalina.core.ApplicationContext.log ContextListener: contextInitialized()
20-Oct-2021 17:32:59.841 信息 [main] org.apache.catalina.core.ApplicationContext.log SessionListener: contextInitialized()
20-Oct-2021 17:32:59.842 信息 [main] org.apache.catalina.core.ApplicationContext.log ContextListener: attributeAdded('StockTicker', 'async.Stockticker@41c2284a')
20-Oct-2021 17:37:54.268 信息 [main] org.apache.catalina.core.ApplicationContext.log ContextListener: contextInitialized()
20-Oct-2021 17:37:54.268 信息 [main] org.apache.catalina.core.ApplicationContext.log SessionListener: contextInitialized()
20-Oct-2021 17:37:54.270 信息 [main] org.apache.catalina.core.ApplicationContext.log ContextListener: attributeAdded('StockTicker', 'async.Stockticker@41c2284a')
20-Oct-2021 18:57:22.471 信息 [main] org.apache.catalina.core.ApplicationContext.log ContextListener: contextInitialized()
20-Oct-2021 18:57:22.471 信息 [main] org.apache.catalina.core.ApplicationContext.log SessionListener: contextInitialized()
20-Oct-2021 18:57:22.472 信息 [main] org.apache.catalina.core.ApplicationContext.log ContextListener: attributeAdded('StockTicker', 'async.Stockticker@41c2284a')
20-Oct-2021 18:57:22.585 信息 [main] org.apache.catalina.core.ApplicationContext.log SessionListener: contextDestroyed()
20-Oct-2021 18:57:22.585 信息 [main] org.apache.catalina.core.ApplicationContext.log ContextListener: contextDestroyed()
20-Oct-2021 19:06:43.045 信息 [main] org.apache.catalina.core.ApplicationContext.log ContextListener: contextInitialized()
20-Oct-2021 19:06:43.045 信息 [main] org.apache.catalina.core.ApplicationContext.log SessionListener: contextInitialized()
20-Oct-2021 19:06:43.047 信息 [main] org.apache.catalina.core.ApplicationContext.log ContextListener: attributeAdded('StockTicker', 'async.Stockticker@41c2284a')
20-Oct-2021 19:06:43.171 信息 [main] org.apache.catalina.core.ApplicationContext.log SessionListener: contextDestroyed()
20-Oct-2021 19:06:43.171 信息 [main] org.apache.catalina.core.ApplicationContext.log ContextListener: contextDestroyed()
20-Oct-2021 19:07:53.803 信息 [main] org.apache.catalina.core.ApplicationContext.log ContextListener: contextInitialized()
20-Oct-2021 19:07:53.803 信息 [main] org.apache.catalina.core.ApplicationContext.log SessionListener: contextInitialized()
20-Oct-2021 19:07:53.805 信息 [main] org.apache.catalina.core.ApplicationContext.log ContextListener: attributeAdded('StockTicker', 'async.Stockticker@55f616cf')
20-Oct-2021 19:07:53.929 信息 [main] org.apache.catalina.core.ApplicationContext.log SessionListener: contextDestroyed()
20-Oct-2021 19:07:53.929 信息 [main] org.apache.catalina.core.ApplicationContext.log ContextListener: contextDestroyed()
20-Oct-2021 19:11:11.350 信息 [main] org.apache.catalina.core.ApplicationContext.log ContextListener: contextInitialized()
20-Oct-2021 19:11:11.351 信息 [main] org.apache.catalina.core.ApplicationContext.log SessionListener: contextInitialized()
20-Oct-2021 19:11:11.352 信息 [main] org.apache.catalina.core.ApplicationContext.log ContextListener: attributeAdded('StockTicker', 'async.Stockticker@41c2284a')
20-Oct-2021 19:13:51.917 信息 [main] org.apache.catalina.core.ApplicationContext.log ContextListener: contextInitialized()
20-Oct-2021 19:13:51.917 信息 [main] org.apache.catalina.core.ApplicationContext.log SessionListener: contextInitialized()
20-Oct-2021 19:13:51.919 信息 [main] org.apache.catalina.core.ApplicationContext.log ContextListener: attributeAdded('StockTicker', 'async.Stockticker@609db43b')
20-Oct-2021 19:16:15.715 信息 [main] org.apache.catalina.core.ApplicationContext.log ContextListener: contextInitialized()
20-Oct-2021 19:16:15.716 信息 [main] org.apache.catalina.core.ApplicationContext.log SessionListener: contextInitialized()
20-Oct-2021 19:16:15.717 信息 [main] org.apache.catalina.core.ApplicationContext.log ContextListener: attributeAdded('StockTicker', 'async.Stockticker@55f616cf')
20-Oct-2021 19:20:43.876 信息 [main] org.apache.catalina.core.ApplicationContext.log ContextListener: contextInitialized()
20-Oct-2021 19:20:43.876 信息 [main] org.apache.catalina.core.ApplicationContext.log SessionListener: contextInitialized()
20-Oct-2021 19:20:43.877 信息 [main] org.apache.catalina.core.ApplicationContext.log ContextListener: attributeAdded('StockTicker', 'async.Stockticker@609db43b')
20-Oct-2021 19:26:35.150 信息 [main] org.apache.catalina.core.ApplicationContext.log ContextListener: contextInitialized()
20-Oct-2021 19:26:35.150 信息 [main] org.apache.catalina.core.ApplicationContext.log SessionListener: contextInitialized()
20-Oct-2021 19:26:35.152 信息 [main] org.apache.catalina.core.ApplicationContext.log ContextListener: attributeAdded('StockTicker', 'async.Stockticker@55f616cf')
20-Oct-2021 19:29:33.056 信息 [main] org.apache.catalina.core.ApplicationContext.log ContextListener: contextInitialized()
20-Oct-2021 19:29:33.056 信息 [main] org.apache.catalina.core.ApplicationContext.log SessionListener: contextInitialized()
20-Oct-2021 19:29:33.058 信息 [main] org.apache.catalina.core.ApplicationContext.log ContextListener: attributeAdded('StockTicker', 'async.Stockticker@41c2284a')
